c:\src\cg2018\lecture6\lecture 6 - 4 - phong\program1\debug\vc141.pdb
c:\src\cg2018\lecture6\lecture 6 - 4 - phong\program1\debug\vc141.idb
c:\src\cg2018\lecture6\lecture 6 - 4 - phong\program1\debug\glsl.obj
c:\src\cg2018\lecture6\lecture 6 - 4 - phong\program1\debug\main.obj
c:\src\cg2018\lecture6\lecture 6 - 4 - phong\program1\debug\objloader.obj
c:\src\cg2018\lecture6\lecture 6 - 5 - texture\program1\debug\vc141.pdb
c:\src\cg2018\lecture6\lecture 6 - 5 - texture\program1\debug\vc141.idb
c:\src\cg2018\lecture6\lecture 6 - 5 - texture\program1\debug\glsl.obj
c:\src\cg2018\lecture6\lecture 6 - 5 - texture\program1\debug\main.obj
c:\src\cg2018\lecture6\lecture 6 - 5 - texture\program1\debug\objloader.obj
c:\src\cg2018\lecture6\lecture 6 - 5 - texture\program1\debug\texture.obj
c:\src\cg2018\lecture6\lecture 6 - 4 - phong\debug\program1.exe
c:\src\cg2018\lecture6\lecture 6 - 4 - phong\debug\program1.ilk
c:\src\cg2018\lecture6\lecture 6 - 4 - phong\debug\program1.pdb
c:\src\cg2018\lecture6\lecture 6 - 5 - texture\program1\debug\vc120.idb
c:\src\cg2018\lecture6\lecture 6 - 5 - texture\program1\debug\vc140.idb
c:\src\cg2018\lecture6\lecture 6 - 5 - texture\program1\debug\vc120.pdb
c:\src\cg2018\lecture6\lecture 6 - 5 - texture\program1\debug\vc140.pdb
c:\src\cg2018\lecture6\lecture 6 - 5 - texture\debug\program1.pdb
c:\src\cg2018\lecture6\lecture 6 - 5 - texture\program1\debug\program1.tlog\cl.command.1.tlog
c:\src\cg2018\lecture6\lecture 6 - 5 - texture\program1\debug\program1.tlog\cl.read.1.tlog
c:\src\cg2018\lecture6\lecture 6 - 5 - texture\program1\debug\program1.tlog\cl.write.1.tlog
c:\src\cg2018\lecture6\lecture 6 - 5 - texture\program1\debug\program1.tlog\link-cvtres.read.1.tlog
c:\src\cg2018\lecture6\lecture 6 - 5 - texture\program1\debug\program1.tlog\link-cvtres.write.1.tlog
c:\src\cg2018\lecture6\lecture 6 - 5 - texture\program1\debug\program1.tlog\link-rc.read.1.tlog
c:\src\cg2018\lecture6\lecture 6 - 5 - texture\program1\debug\program1.tlog\link-rc.write.1.tlog
c:\src\cg2018\lecture6\lecture 6 - 5 - texture\program1\debug\program1.tlog\link.9608-cvtres.read.1.tlog
c:\src\cg2018\lecture6\lecture 6 - 5 - texture\program1\debug\program1.tlog\link.9608-cvtres.write.1.tlog
c:\src\cg2018\lecture6\lecture 6 - 5 - texture\program1\debug\program1.tlog\link.9608-rc.read.1.tlog
c:\src\cg2018\lecture6\lecture 6 - 5 - texture\program1\debug\program1.tlog\link.9608-rc.write.1.tlog
c:\src\cg2018\lecture6\lecture 6 - 5 - texture\program1\debug\program1.tlog\link.9608.read.1.tlog
c:\src\cg2018\lecture6\lecture 6 - 5 - texture\program1\debug\program1.tlog\link.9608.write.1.tlog
c:\src\cg2018\lecture6\lecture 6 - 5 - texture\program1\debug\program1.tlog\link.command.1.tlog
c:\src\cg2018\lecture6\lecture 6 - 5 - texture\program1\debug\program1.tlog\link.delete.1.tlog
c:\src\cg2018\lecture6\lecture 6 - 5 - texture\program1\debug\program1.tlog\link.read.1.tlog
c:\src\cg2018\lecture6\lecture 6 - 5 - texture\program1\debug\program1.tlog\link.write.1.tlog
